<?xml version="1.0" encoding="UTF-8"?>
<!-- Generated by org.testng.reporters.JUnitReportReporter -->
<testsuite hostname="ATMECSINDT-083" failures="0" tests="1" name="FlightBooking.BaseClass" time="18.746" errors="1" timestamp="03 Sep 2019 10:39:39 GMT" skipped="0">
  <testcase classname="FlightBooking.BaseClass" name="setup" time="18.746">
    <error message="session not created
from chrome not reachable
  (Session info: chrome=76.0.3809.132)
Build info: version: &#039;4.0.0-alpha-2&#039;, revision: &#039;f148142cf8&#039;, time: &#039;2019-07-01T20:55:26&#039;
System info: host: &#039;ATMECSINDT-083&#039;, ip: &#039;50.50.50.132&#039;, os.name: &#039;Windows 10&#039;, os.arch: &#039;amd64&#039;, os.version: &#039;10.0&#039;, java.version: &#039;12.0.1&#039;
Driver info: driver.version: ChromeDriver
remote stacktrace: Backtrace:
	Ordinal0 [0x01107C53+1473619]
	Ordinal0 [0x0108AD71+961905]
	Ordinal0 [0x0101415C+475484]
	Ordinal0 [0x0100DAEA+449258]
	Ordinal0 [0x0100E188+450952]
	Ordinal0 [0x0100F295+455317]
	Ordinal0 [0x0100B495+439445]
	Ordinal0 [0x01014F10+478992]
	Ordinal0 [0x00FC98FE+170238]
	Ordinal0 [0x00FC8D1D+167197]
	Ordinal0 [0x00FC742B+160811]
	Ordinal0 [0x00FB0AE6+68326]
	Ordinal0 [0x00FB1BF0+72688]
	Ordinal0 [0x00FB1B89+72585]
	Ordinal0 [0x010A4B37+1067831]
	GetHandleVerifier [0x011A6845+506677]
	GetHandleVerifier [0x011A65E0+506064]
	GetHandleVerifier [0x011AD188+533624]
	GetHandleVerifier [0x011A701A+508682]
	Ordinal0 [0x0109C226+1032742]
	Ordinal0 [0x0109C09F+1032351]
	Ordinal0 [0x010A6A4B+1075787]
	Ordinal0 [0x010A6BB3+1076147]
	Ordinal0 [0x010A5B65+1071973]
	BaseThreadInitThunk [0x755C60C9+25]
	RtlGetAppContainerNamedObjectPath [0x770C7A94+228]
	RtlGetAppContainerNamedObjectPath [0x770C7A64+180]
" type="org.openqa.selenium.SessionNotCreatedException">
      <![CDATA[org.openqa.selenium.SessionNotCreatedException: session not created
from chrome not reachable
  (Session info: chrome=76.0.3809.132)
Build info: version: '4.0.0-alpha-2', revision: 'f148142cf8', time: '2019-07-01T20:55:26'
System info: host: 'ATMECSINDT-083', ip: '50.50.50.132', os.name: 'Windows 10', os.arch: 'amd64', os.version: '10.0', java.version: '12.0.1'
Driver info: driver.version: ChromeDriver
remote stacktrace: Backtrace:
	Ordinal0 [0x01107C53+1473619]
	Ordinal0 [0x0108AD71+961905]
	Ordinal0 [0x0101415C+475484]
	Ordinal0 [0x0100DAEA+449258]
	Ordinal0 [0x0100E188+450952]
	Ordinal0 [0x0100F295+455317]
	Ordinal0 [0x0100B495+439445]
	Ordinal0 [0x01014F10+478992]
	Ordinal0 [0x00FC98FE+170238]
	Ordinal0 [0x00FC8D1D+167197]
	Ordinal0 [0x00FC742B+160811]
	Ordinal0 [0x00FB0AE6+68326]
	Ordinal0 [0x00FB1BF0+72688]
	Ordinal0 [0x00FB1B89+72585]
	Ordinal0 [0x010A4B37+1067831]
	GetHandleVerifier [0x011A6845+506677]
	GetHandleVerifier [0x011A65E0+506064]
	GetHandleVerifier [0x011AD188+533624]
	GetHandleVerifier [0x011A701A+508682]
	Ordinal0 [0x0109C226+1032742]
	Ordinal0 [0x0109C09F+1032351]
	Ordinal0 [0x010A6A4B+1075787]
	Ordinal0 [0x010A6BB3+1076147]
	Ordinal0 [0x010A5B65+1071973]
	BaseThreadInitThunk [0x755C60C9+25]
	RtlGetAppContainerNamedObjectPath [0x770C7A94+228]
	RtlGetAppContainerNamedObjectPath [0x770C7A64+180]

	at java.base/jdk.internal.reflect.NativeConstructorAccessorImpl.newInstance0(Native Method)
	at java.base/jdk.internal.reflect.NativeConstructorAccessorImpl.newInstance(NativeConstructorAccessorImpl.java:62)
	at java.base/jdk.internal.reflect.DelegatingConstructorAccessorImpl.newInstance(DelegatingConstructorAccessorImpl.java:45)
	at java.base/java.lang.reflect.Constructor.newInstanceWithCaller(Constructor.java:500)
	at java.base/java.lang.reflect.Constructor.newInstance(Constructor.java:481)
	at org.openqa.selenium.remote.W3CHandshakeResponse.lambda$errorHandler$0(W3CHandshakeResponse.java:62)
	at org.openqa.selenium.remote.HandshakeResponse.lambda$getResponseFunction$0(HandshakeResponse.java:30)
	at org.openqa.selenium.remote.ProtocolHandshake.lambda$createSession$1(ProtocolHandshake.java:127)
	at java.base/java.util.stream.ReferencePipeline$3$1.accept(ReferencePipeline.java:195)
	at java.base/java.util.Spliterators$ArraySpliterator.tryAdvance(Spliterators.java:958)
	at java.base/java.util.stream.ReferencePipeline.forEachWithCancel(ReferencePipeline.java:127)
	at java.base/java.util.stream.AbstractPipeline.copyIntoWithCancel(AbstractPipeline.java:502)
	at java.base/java.util.stream.AbstractPipeline.copyInto(AbstractPipeline.java:488)
	at java.base/java.util.stream.AbstractPipeline.wrapAndCopyInto(AbstractPipeline.java:474)
	at java.base/java.util.stream.FindOps$FindOp.evaluateSequential(FindOps.java:150)
	at java.base/java.util.stream.AbstractPipeline.evaluate(AbstractPipeline.java:234)
	at java.base/java.util.stream.ReferencePipeline.findFirst(ReferencePipeline.java:543)
	at org.openqa.selenium.remote.ProtocolHandshake.createSession(ProtocolHandshake.java:129)
	at org.openqa.selenium.remote.ProtocolHandshake.createSession(ProtocolHandshake.java:75)
	at org.openqa.selenium.remote.HttpCommandExecutor.execute(HttpCommandExecutor.java:139)
	at org.openqa.selenium.remote.service.DriverCommandExecutor.execute(DriverCommandExecutor.java:83)
	at org.openqa.selenium.remote.RemoteWebDriver.execute(RemoteWebDriver.java:576)
	at org.openqa.selenium.remote.RemoteWebDriver.startSession(RemoteWebDriver.java:210)
	at org.openqa.selenium.remote.RemoteWebDriver.<init>(RemoteWebDriver.java:130)
	at org.openqa.selenium.chromium.ChromiumDriver.<init>(ChromiumDriver.java:73)
	at org.openqa.selenium.chrome.ChromeDriver.<init>(ChromeDriver.java:163)
	at org.openqa.selenium.chrome.ChromeDriver.<init>(ChromeDriver.java:150)
	at org.openqa.selenium.chrome.ChromeDriver.<init>(ChromeDriver.java:105)
	at FlightBooking.BaseClass.setup(BaseClass.java:32)
	at java.base/jdk.internal.reflect.NativeMethodAccessorImpl.invoke0(Native Method)
	at java.base/jdk.internal.reflect.NativeMethodAccessorImpl.invoke(NativeMethodAccessorImpl.java:62)
	at java.base/jdk.internal.reflect.DelegatingMethodAccessorImpl.invoke(DelegatingMethodAccessorImpl.java:43)
	at java.base/java.lang.reflect.Method.invoke(Method.java:567)
	at org.testng.internal.MethodInvocationHelper.invokeMethod(MethodInvocationHelper.java:108)
	at org.testng.internal.Invoker.invokeConfigurationMethod(Invoker.java:523)
	at org.testng.internal.Invoker.invokeConfigurations(Invoker.java:224)
	at org.testng.internal.Invoker.invokeConfigurations(Invoker.java:146)
	at org.testng.TestRunner.beforeRun(TestRunner.java:626)
	at org.testng.TestRunner.run(TestRunner.java:594)
	at org.testng.SuiteRunner.runTest(SuiteRunner.java:380)
	at org.testng.SuiteRunner.runSequentially(SuiteRunner.java:375)
	at org.testng.SuiteRunner.privateRun(SuiteRunner.java:340)
	at org.testng.SuiteRunner.run(SuiteRunner.java:289)
	at org.testng.SuiteRunnerWorker.runSuite(SuiteRunnerWorker.java:52)
	at org.testng.SuiteRunnerWorker.run(SuiteRunnerWorker.java:86)
	at org.testng.TestNG.runSuitesSequentially(TestNG.java:1301)
	at org.testng.TestNG.runSuitesLocally(TestNG.java:1226)
	at org.testng.TestNG.runSuites(TestNG.java:1144)
	at org.testng.TestNG.run(TestNG.java:1115)
	at org.testng.remote.AbstractRemoteTestNG.run(AbstractRemoteTestNG.java:132)
	at org.testng.remote.RemoteTestNG.initAndRun(RemoteTestNG.java:230)
	at org.testng.remote.RemoteTestNG.main(RemoteTestNG.java:76)
]]>
    </error>
  </testcase> <!-- setup -->
</testsuite> <!-- FlightBooking.BaseClass -->
