<?xml version="1.0" encoding="UTF-8"?>
<!-- Generated by org.testng.reporters.JUnitReportReporter -->
<testsuite hostname="ATMECSINDT-083" failures="0" tests="5" name="FlightBooking.PassengerDetails" time="0.001" errors="1" timestamp="06 Sep 2019 06:01:59 GMT" skipped="4">
  <testcase classname="FlightBooking.PassengerDetails" name="OneWayTrip" time="0.001">
    <skipped/>
  </testcase> <!-- OneWayTrip -->
  <testcase classname="FlightBooking.PassengerDetails" name="setup" time="0.000">
    <error message="
Parameter &#039;browser&#039; is required by BeforeTest on method setup but has not been marked @Optional or defined
in C:\Users\indira.saravanan\eclipse-workspace\FlightBooking\src\main\resources\SuiteFile\OneWayTrip.xml" type="org.testng.TestNGException">
      <![CDATA[org.testng.TestNGException: 
Parameter 'browser' is required by BeforeTest on method setup but has not been marked @Optional or defined
in C:\Users\indira.saravanan\eclipse-workspace\FlightBooking\src\main\resources\SuiteFile\OneWayTrip.xml
	at org.testng.internal.Parameters.createParameters(Parameters.java:199)
	at org.testng.internal.Parameters.createParameters(Parameters.java:443)
	at org.testng.internal.Parameters.createConfigurationParameters(Parameters.java:118)
	at org.testng.internal.Invoker.invokeConfigurations(Invoker.java:206)
	at org.testng.internal.Invoker.invokeConfigurations(Invoker.java:146)
	at org.testng.TestRunner.beforeRun(TestRunner.java:626)
	at org.testng.TestRunner.run(TestRunner.java:594)
	at org.testng.SuiteRunner.runTest(SuiteRunner.java:380)
	at org.testng.SuiteRunner.runSequentially(SuiteRunner.java:375)
	at org.testng.SuiteRunner.privateRun(SuiteRunner.java:340)
	at org.testng.SuiteRunner.run(SuiteRunner.java:289)
	at org.testng.SuiteRunnerWorker.runSuite(SuiteRunnerWorker.java:52)
	at org.testng.SuiteRunnerWorker.run(SuiteRunnerWorker.java:86)
	at org.testng.TestNG.runSuitesSequentially(TestNG.java:1301)
	at org.testng.TestNG.runSuitesLocally(TestNG.java:1226)
	at org.testng.TestNG.runSuites(TestNG.java:1144)
	at org.testng.TestNG.run(TestNG.java:1115)
	at org.testng.remote.AbstractRemoteTestNG.run(AbstractRemoteTestNG.java:132)
	at org.testng.remote.RemoteTestNG.initAndRun(RemoteTestNG.java:230)
	at org.testng.remote.RemoteTestNG.main(RemoteTestNG.java:76)
]]>
    </error>
  </testcase> <!-- setup -->
  <testcase classname="FlightBooking.PassengerDetails" name="passengerDetails1" time="0.000">
    <skipped/>
  </testcase> <!-- passengerDetails1 -->
  <testcase classname="FlightBooking.PassengerDetails" name="noOfPassenger" time="0.000">
    <skipped/>
  </testcase> <!-- noOfPassenger -->
  <testcase classname="FlightBooking.PassengerDetails" name="passengerDetails" time="0.000">
    <skipped/>
  </testcase> <!-- passengerDetails -->
</testsuite> <!-- FlightBooking.PassengerDetails -->
